0
75 
75 
68 93 95 
22 68 93 95 
22 68 93 95 
22 69 91 93 95 
21 69 91 92 
21 69 91 92 
21 69 76 92 
21 76 86 92 
21 35 76 86 92 
21 35 76 86 92 
35 55 76 83 86 92 
19 30 35 45 55 83 86 92 
30 64 
13 17 44 50 60 64 
13 44 50 59 60 
13 44 50 59 60 
13 36 41 44 48 50 59 60 
13 36 41 44 48 49 59 60 
1 13 36 41 44 48 49 
4 41 48 81 96 
81 97 
15 32 78 79 81 97 
32 78 79 81 97 
29 39 99 
8 9 10 23 24 28 62 
9 24 28 47 
9 24 27 46 47 
9 24 27 46 47 
3 9 27 46 
3 9 27 46 72 
3 46 72 
3 46 72 
3 46 56 72 
3 46 52 56 57 72 
3 46 51 52 56 57 72 
51 52 56 72 74 
11 25 43 63 80 
7 66 80 
31 66 73 84 
31 66 73 84 
31 66 73 84 
31 66 73 84 
31 66 73 84 
6 40 42 100 
5 26 40 42 71 100 
5 26 34 40 42 58 71 85 89 
34 58 85 89 
