451837
99628
203346
206093
85489
52558
392962
378457
386059
499577
698089
245161
687729
260623
155431
191837
185725
63140
375114
97010
450423
72121
30517
634466
244414
475641
342759
410597
295926
301329
243572
69921
421039
218330
493086
208625
483625
61062
166540
463149
160239
33116
357200
495315
300283
368188
194898
689313
13675
54605
316376
300297
238334
20909
410720
418957
349982
66754
135047
21467
113967
192609
432412
215920
159618
44268
18037
641490
97156
485384
622245
40231
463029
701440
418123
337849
70214
276502
611739
379049
39454
209480
82514
463044
492104
389257
585232
90325
64542
289118
8622
5312
105293
96649
38217
123994
311536
164402
347584
86852
404373
289146
568223
625128
56248
399496
45012
42241
118332
206603
446936
114717
276679
64780
265685
390627
141458
128315
447071
349661
467917
63857
54623
446986
57149
356599
19870
238795
433192
125080
393563
550543
178638
397268
270594
243935
467036
182961
44204
388815
60338
290985
157337
41377
44501
11939
327939
301235
413425
505798
109340
415994
480050
670349
560595
172804
554785
55983
29824
91515
120951
364573
331981
331690
12451
333894
598780
403700
438498
270274
267735
299544
50839
11476
137927
358466
634235
241271
21089
335568
7422
77235
498397
10828
299679
390444
240129
452135
16013
88104
534617
6730
550040
39945
554959
282125
263938
410175
13355
140528
465433
401719
512824
164411
553135
175656
340816
29078
391442
386831
262643
307454
99858
653850
199831
259615
185425
672370
587423
238518
368428
251453
33673
45119
279208
280025
402953
131836
273568
227162
369782
426046
208455
354728
205188
242505
393732
316928
36700
352043
15353
222516
109360
426526
672608
44162
681141
65316
485561
388244
377253
39574
545526
363379
370622
86414
245718
534665
467502
503412
93135
708550
272735
240813
32668
295841
28005
242004
0
527853
312234
543749
611575
285997
104342
603738
307082
280939
435136
218909
159798
89535
57044
192455
121892
49774
8305
475158
558050
155461
66359
186486
190235
531173
111460
358960
531640
501483
92446
409958
698660
96485
113380
17321
292505
202412
117495
23541
498617
179905
244057
130229
370874
746286
507183
55547
467837
16540
408518
717572
742299
144614
376883
100369
267699
0
365968
471818
543544
581990
43841
82359
322279
605093
694062
266484
330642
530620
675145
150114
361733
89684
114643
315859
5552
176896
377991
214972
30622
528680
229750
0
582790
98386
294412
210337
7343
226405
352876
18401
570596
336342
184275
146587
339299
442114
123224
299076
549192
359967
38546
548474
68480
370908
354799
183668
272896
243501
48070
669204
398956
70499
237501
96866
365835
158121
401897
57090
72243
293921
54294
188654
124744
98625
240562
239862
499099
191082
563754
257558
701923
106708
164724
276398
474841
56689
111624
76031
24667
51561
3195
201791
231056
534648
308091
512854
10254
384976
346678
341299
241622
699450
713651
86804
458163
198236
36522
250569
79932
346533
302067
399120
110164
223149
241206
274133
131302
43168
545947
154875
30312
620142
393817
296130
371792
125029
206841
115781
329963
333374
82380
131769
323366
250815
17733
204670
337037
145709
27047
60810
415156
303425
288338
262380
218449
581753
269964
143120
177697
116238
118062
220904
5276
53490
385019
468148
187828
129825
354734
286829
170110
405102
205519
380039
50150
434132
231774
163491
467429
466644
185333
535086
85712
282471
687909
181751
585791
393949
513475
101939